<?xml version="1.0" encoding="UTF-8"?><testsuite errors="0" failures="1" name="register in Exito store" skipped="0" tests="1" time="15.78" timestamp="2023-08-22 08:42:48"><testcase name="Register"><failure message="Expected condition failed: waiting for By.xpath: //*[@resource-id='com.exito.appcompania:id/AppCompatButton_registrarse'] to be present (tried for 5 second(s) with 100 milliseconds interval)&#10;Build info: version: '3.141.59', revision: 'e82be7d358', time: '2018-11-14T08:17:03'&#10;System info: host: 'LAPTOP-NJSJS5NA', ip: '192.168.1.68', os.name: 'Windows 11', os.arch: 'amd64', os.version: '10.0', java.version: '1.8.0_381'&#10;Driver info: driver.version: unknown" type="net.thucydides.core.webdriver.exceptions.ElementShouldBePresentException">Expected condition failed: waiting for By.xpath: //*[@resource-id='com.exito.appcompania:id/AppCompatButton_registrarse'] to be present (tried for 5 second(s) with 100 milliseconds interval)
Build info: version: '3.141.59', revision: 'e82be7d358', time: '2018-11-14T08:17:03'
System info: host: 'LAPTOP-NJSJS5NA', ip: '192.168.1.68', os.name: 'Windows 11', os.arch: 'amd64', os.version: '10.0', java.version: '1.8.0_381'
Driver info: driver.version: unknown</failure><system-err>Expected condition failed: waiting for By.xpath: //*[@resource-id='com.exito.appcompania:id/AppCompatButton_registrarse'] to be present (tried for 5 second(s) with 100 milliseconds interval)
Build info: version: '3.141.59', revision: 'e82be7d358', time: '2018-11-14T08:17:03'
System info: host: 'LAPTOP-NJSJS5NA', ip: '192.168.1.68', os.name: 'Windows 11', os.arch: 'amd64', os.version: '10.0', java.version: '1.8.0_381'
Driver info: driver.version: unknown&#13;
co.com.exito.tasks.Register.performAs(Register.java:24)&#13;
stepdefinitions.RegisterStepDefinition.userRegisterInExitoApp(RegisterStepDefinition.java:28)&#13;
io.cucumber.java.Invoker.doInvoke(Invoker.java:66)&#13;
io.cucumber.java.Invoker.invoke(Invoker.java:24)&#13;
io.cucumber.java.AbstractGlueDefinition.invokeMethod(AbstractGlueDefinition.java:47)&#13;
io.cucumber.java.JavaStepDefinition.execute(JavaStepDefinition.java:29)&#13;
io.cucumber.core.runner.CoreStepDefinition.execute(CoreStepDefinition.java:66)&#13;
io.cucumber.core.runner.PickleStepDefinitionMatch.runStep(PickleStepDefinitionMatch.java:63)&#13;
io.cucumber.core.runner.TestStep.executeStep(TestStep.java:92)&#13;
io.cucumber.core.runner.TestStep.run(TestStep.java:64)&#13;
io.cucumber.core.runner.PickleStepTestStep.run(PickleStepTestStep.java:51)&#13;
io.cucumber.core.runner.TestCase.run(TestCase.java:104)&#13;
io.cucumber.core.runner.Runner.runPickle(Runner.java:73)&#13;
io.cucumber.junit.FeatureRunner.runChild(FeatureRunner.java:135)&#13;
io.cucumber.junit.FeatureRunner.runChild(FeatureRunner.java:27)&#13;
io.cucumber.junit.CucumberSerenityRunner.runChild(CucumberSerenityRunner.java:258)&#13;
io.cucumber.junit.CucumberSerenityRunner.runChild(CucumberSerenityRunner.java:57)&#13;
worker.org.gradle.process.internal.worker.GradleWorkerMain.run(GradleWorkerMain.java:69)&#13;
worker.org.gradle.process.internal.worker.GradleWorkerMain.main(GradleWorkerMain.java:74)&#13;
</system-err></testcase></testsuite>