<?xml version="1.0" encoding="UTF-8"?>
<testsuite name="login in store exito" tests="1" skipped="0" failures="0" errors="0" timestamp="2023-08-23T02:23:27" hostname="LAPTOP-NJSJS5NA" time="23.082">
  <properties/>
  <testcase name="Login in Exito" classname="login in store exito" time="23.082"/>
  <system-out><![CDATA[]]></system-out>
  <system-err><![CDATA[ago 22, 2023 9:23:34 PM io.appium.java_client.remote.AppiumCommandExecutor$1 lambda$0
INFORMACIÓN: Detected dialect: OSS
]]></system-err>
</testsuite>
